2017-08-03 12:00   5.3 100.0  64.5
2017-08-03 12:01   4.9 129.2  85.7
2017-08-03 12:02   5.0  56.3 109.6
2017-08-03 12:03   4.9 130.5 112.2
2017-08-03 12:04   5.3 126.5 117.1
2017-08-03 12:05   4.5 117.8  68.6
2017-08-03 12:06   5.1 133.8 108.6
2017-08-03 12:07   5.5 128.6 104.6
2017-08-03 12:08   5.2 135.3 104.4
2017-08-03 12:09   4.9 136.1  93.1
2017-08-03 12:10   5.3 128.1 108.9
2017-08-03 12:11   4.8 120.7 107.1
2017-08-03 12:12   5.6 133.6 104.2
2017-08-03 12:13   4.6  97.5 107.9
2017-08-03 12:14   4.3 125.3 110.2
2017-08-03 12:15   4.6 114.6  10.8
2017-08-03 12:16   5.7 141.0 114.8
2017-08-03 12:17   4.7 141.8 128.1
2017-08-03 12:18   5.8 123.5 105.8
2017-08-03 12:19   5.2 120.6  99.5
2017-08-03 12:20   4.9 117.5 104.7
2017-08-03 12:21   4.8 104.3  80.2
2017-08-03 12:22   4.3 135.1  95.4
2017-08-03 12:23   5.2 126.4  25.2
2017-08-03 12:24   4.8 111.4  80.8
2017-08-03 12:25   5.3  96.1  95.6
2017-08-03 12:26   4.5 150.1  97.9
2017-08-03 12:27   5.1 138.0 100.6
2017-08-03 12:28   4.4 118.7 110.4
2017-08-03 12:29   5.5 142.0 114.7
2017-08-03 12:30   5.0  77.9 108.5
2017-08-03 12:31   4.0 120.5  98.7
2017-08-03 12:32   4.6 114.4 104.2
2017-08-03 12:33   4.6 105.6  86.0
2017-08-03 12:34   4.7 136.6  82.0
2017-08-03 12:35   4.7 129.9  63.4
2017-08-03 12:36   4.9 133.9 136.9
2017-08-03 12:37   5.2 148.8 137.0
2017-08-03 12:38   4.6 146.8 103.8
2017-08-03 12:39   4.5 111.3  88.8
2017-08-03 12:40   4.6 136.3  17.8
2017-08-03 12:41   4.4 143.6 111.1
2017-08-03 12:42   4.7 130.4  73.8
2017-08-03 12:43   4.3 136.5  62.8
2017-08-03 12:44   5.0 147.2 122.4
2017-08-03 12:45   5.0  87.8 110.6
2017-08-03 12:46   4.9 147.8  57.9
2017-08-03 12:47   5.1 148.6 112.8
2017-08-03 12:48   4.7 144.2 113.5
2017-08-03 12:49   4.9  85.2 117.4
2017-08-03 12:50   4.9 146.1 111.7
2017-08-03 12:51   4.9 143.9 116.3
2017-08-03 12:52   4.2 142.4  73.3
2017-08-03 12:53   5.6  43.6  90.1
2017-08-03 12:54   4.9 141.8 106.8
2017-08-03 12:55   4.9 138.9 120.5
2017-08-03 12:56   4.9 117.8 113.9
2017-08-03 12:57   4.6 114.6 109.1
2017-08-03 12:58   5.1 135.8  87.7
2017-08-03 12:59   5.8 142.3  96.1
